# JRE version: OpenJDK Runtime Environment Temurin-17.0.6+10 (17.0.6+10) (build 17.0.6+10)
# Java VM: OpenJDK 64-Bit Server VM Temurin-17.0.6+10 (17.0.6+10, mixed mode, emulated-client, tiered, compressed oops, compressed class ptrs, g1 gc, windows-amd64)
GC Precious Log:
 CPUs: 16 total, 16 available
 Memory: 16078M
 Large Page Support: Disabled
 NUMA Support: Disabled
 Compressed Oops: Enabled (Zero based)
 Heap Region Size: 2M
 Heap Min Capacity: 8M
 Heap Initial Capacity: 252M
 Heap Max Capacity: 4020M
 Pre-touch: Disabled
 Parallel Workers: 13
 Concurrent Workers: 3
 Concurrent Refinement Workers: 13
 Periodic GC: Disabled
Heap:
 garbage-first heap   total 192512K, used 60750K [0x0000000704c00000, 0x0000000800000000)
  region size 2048K, 3 young (6144K), 3 survivors (6144K)
 Metaspace       used 80787K, committed 84224K, reserved 1130496K
  class space    used 10814K, committed 11712K, reserved 1048576K
GC Heap History (20 events):
Event: 38510.239 GC heap after
{Heap after GC invocations=170 (full 8):
 garbage-first heap   total 231424K, used 63608K [0x0000000704c00000, 0x0000000800000000)
  region size 2048K, 1 young (2048K), 1 survivors (2048K)
 Metaspace       used 84056K, committed 85312K, reserved 1130496K
  class space    used 11103K, committed 11712K, reserved 1048576K
}
Event: 38684.499 GC heap before
{Heap before GC invocations=170 (full 8):
 garbage-first heap   total 231424K, used 172152K [0x0000000704c00000, 0x0000000800000000)
  region size 2048K, 54 young (110592K), 1 survivors (2048K)
 Metaspace       used 84384K, committed 85632K, reserved 1130496K
  class space    used 11126K, committed 11712K, reserved 1048576K
}
Event: 38684.508 GC heap after
{Heap after GC invocations=171 (full 8):
 garbage-first heap   total 231424K, used 67084K [0x0000000704c00000, 0x0000000800000000)
  region size 2048K, 2 young (4096K), 2 survivors (4096K)
 Metaspace       used 84384K, committed 85632K, reserved 1130496K
  class space    used 11126K, committed 11712K, reserved 1048576K
}
Event: 38749.859 GC heap before
{Heap before GC invocations=172 (full 8):
 garbage-first heap   total 231424K, used 79372K [0x0000000704c00000, 0x0000000800000000)
  region size 2048K, 9 young (18432K), 2 survivors (4096K)
 Metaspace       used 83296K, committed 85120K, reserved 1130496K
  class space    used 11004K, committed 11712K, reserved 1048576K
}
Event: 38749.978 GC heap after
{Heap after GC invocations=173 (full 9):
 garbage-first heap   total 212992K, used 54582K [0x0000000704c00000, 0x0000000800000000)
  region size 2048K, 0 young (0K), 0 survivors (0K)
 Metaspace       used 83247K, committed 85056K, reserved 1130496K
  class space    used 10995K, committed 11712K, reserved 1048576K
}
Event: 38751.465 GC heap before
{Heap before GC invocations=173 (full 9):
 garbage-first heap   total 212992K, used 159030K [0x0000000704c00000, 0x0000000800000000)
  region size 2048K, 51 young (104448K), 0 survivors (0K)
 Metaspace       used 84155K, committed 85248K, reserved 1130496K
  class space    used 11111K, committed 11712K, reserved 1048576K
}
Event: 38751.477 GC heap after
{Heap after GC invocations=174 (full 9):
 garbage-first heap   total 212992K, used 64391K [0x0000000704c00000, 0x0000000800000000)
  region size 2048K, 5 young (10240K), 5 survivors (10240K)
 Metaspace       used 84155K, committed 85248K, reserved 1130496K
  class space    used 11111K, committed 11712K, reserved 1048576K
}
Event: 38752.597 GC heap before
{Heap before GC invocations=175 (full 9):
 garbage-first heap   total 212992K, used 160647K [0x0000000704c00000, 0x0000000800000000)
  region size 2048K, 52 young (106496K), 5 survivors (10240K)
 Metaspace       used 80468K, committed 84672K, reserved 1130496K
  class space    used 10798K, committed 11712K, reserved 1048576K
}
Event: 38752.607 GC heap after
{Heap after GC invocations=176 (full 9):
 garbage-first heap   total 212992K, used 67817K [0x0000000704c00000, 0x0000000800000000)
  region size 2048K, 3 young (6144K), 3 survivors (6144K)
 Metaspace       used 80468K, committed 84672K, reserved 1130496K
  class space    used 10798K, committed 11712K, reserved 1048576K
}
Event: 38752.684 GC heap before
{Heap before GC invocations=176 (full 9):
 garbage-first heap   total 212992K, used 71913K [0x0000000704c00000, 0x0000000800000000)
  region size 2048K, 5 young (10240K), 3 survivors (6144K)
 Metaspace       used 80471K, committed 84672K, reserved 1130496K
  class space    used 10799K, committed 11712K, reserved 1048576K
}
Event: 38752.692 GC heap after
{Heap after GC invocations=177 (full 9):
 garbage-first heap   total 212992K, used 57962K [0x0000000704c00000, 0x0000000800000000)
  region size 2048K, 1 young (2048K), 1 survivors (2048K)
 Metaspace       used 80471K, committed 84672K, reserved 1130496K
  class space    used 10799K, committed 11712K, reserved 1048576K
}
Event: 38800.933 GC heap before
{Heap before GC invocations=177 (full 9):
 garbage-first heap   total 212992K, used 135786K [0x0000000704c00000, 0x0000000800000000)
  region size 2048K, 40 young (81920K), 1 survivors (2048K)
 Metaspace       used 80687K, committed 84672K, reserved 1130496K
  class space    used 10832K, committed 11712K, reserved 1048576K
}
Event: 38801.061 GC heap after
{Heap after GC invocations=178 (full 10):
 garbage-first heap   total 192512K, used 49169K [0x0000000704c00000, 0x0000000800000000)
  region size 2048K, 0 young (0K), 0 survivors (0K)
 Metaspace       used 80635K, committed 84672K, reserved 1130496K
  class space    used 10824K, committed 11712K, reserved 1048576K
}
Event: 38801.989 GC heap before
{Heap before GC invocations=178 (full 10):
 garbage-first heap   total 192512K, used 145425K [0x0000000704c00000, 0x0000000800000000)
  region size 2048K, 47 young (96256K), 0 survivors (0K)
 Metaspace       used 81456K, committed 84672K, reserved 1130496K
  class space    used 10925K, committed 11712K, reserved 1048576K
}
Event: 38801.996 GC heap after
{Heap after GC invocations=179 (full 10):
 garbage-first heap   total 192512K, used 56571K [0x0000000704c00000, 0x0000000800000000)
  region size 2048K, 4 young (8192K), 4 survivors (8192K)
 Metaspace       used 81456K, committed 84672K, reserved 1130496K
  class space    used 10925K, committed 11712K, reserved 1048576K
}
Event: 38802.551 GC heap before
{Heap before GC invocations=180 (full 10):
 garbage-first heap   total 192512K, used 144635K [0x0000000704c00000, 0x0000000800000000)
  region size 2048K, 47 young (96256K), 4 survivors (8192K)
 Metaspace       used 80474K, committed 84224K, reserved 1130496K
  class space    used 10783K, committed 11712K, reserved 1048576K
}
Event: 38802.560 GC heap after
{Heap after GC invocations=181 (full 10):
 garbage-first heap   total 192512K, used 59629K [0x0000000704c00000, 0x0000000800000000)
  region size 2048K, 2 young (4096K), 2 survivors (4096K)
 Metaspace       used 80474K, committed 84224K, reserved 1130496K
  class space    used 10783K, committed 11712K, reserved 1048576K
}
Event: 38802.579 GC heap before
{Heap before GC invocations=181 (full 10):
 garbage-first heap   total 192512K, used 63725K [0x0000000704c00000, 0x0000000800000000)
  region size 2048K, 4 young (8192K), 2 survivors (4096K)
 Metaspace       used 80500K, committed 84224K, reserved 1130496K
  class space    used 10785K, committed 11712K, reserved 1048576K
}
Event: 38802.587 GC heap after
{Heap after GC invocations=182 (full 10):
 garbage-first heap   total 192512K, used 56950K [0x0000000704c00000, 0x0000000800000000)
  region size 2048K, 1 young (2048K), 1 survivors (2048K)
 Metaspace       used 80500K, committed 84224K, reserved 1130496K
  class space    used 10785K, committed 11712K, reserved 1048576K
}
Event: 38887.488 GC heap before
{Heap before GC invocations=182 (full 10):
 garbage-first heap   total 192512K, used 149110K [0x0000000704c00000, 0x0000000800000000)
  region size 2048K, 46 young (94208K), 1 survivors (2048K)
 Metaspace       used 80787K, committed 84224K, reserved 1130496K
  class space    used 10814K, committed 11712K, reserved 1048576K
}

